<?xml version="1.0" encoding="UTF-8" ?>
<testsuite failures="1" time="1.485" errors="0" skipped="0" tests="2" name="org.casper.eLearning.dao.TestUserDao">
  <properties>
[...]
</properties>
  <testcase time="1.454" classname="org.casper.eLearning.dao.TestUserDao" name="testDelete">
    <failure message="Expected exception: org.hibernate.ObjectNotFoundException" type="java.lang.AssertionError">java.lang.AssertionError: Expected exception: org.hibernate.ObjectNotFoundException
	at org.junit.internal.runners.statements.ExpectException.evaluate(ExpectException.java:35)
	at org.junit.internal.runners.statements.RunBefores.evaluate(RunBefores.java:28)
	at org.springframework.test.context.junit4.statements.RunBeforeTestMethodCallbacks.evaluate(RunBeforeTestMethodCallbacks.java:74)
	at org.junit.internal.runners.statements.RunAfters.evaluate(RunAfters.java:30)
	at org.springframework.test.context.junit4.statements.RunAfterTestMethodCallbacks.evaluate(RunAfterTestMethodCallbacks.java:83)
	at org.springframework.test.context.junit4.statements.SpringRepeat.evaluate(SpringRepeat.java:72)
	at org.springframework.test.context.junit4.SpringJUnit4ClassRunner.runChild(SpringJUnit4ClassRunner.java:231)
	at org.springframework.test.context.junit4.SpringJUnit4ClassRunner.runChild(SpringJUnit4ClassRunner.java:88)
	at org.junit.runners.ParentRunner$3.run(ParentRunner.java:231)
	at org.junit.runners.ParentRunner$1.schedule(ParentRunner.java:60)
	at org.junit.runners.ParentRunner.runChildren(ParentRunner.java:229)
	at org.junit.runners.ParentRunner.access$000(ParentRunner.java:50)
	at org.junit.runners.ParentRunner$2.evaluate(ParentRunner.java:222)
	at org.junit.internal.runners.statements.RunBefores.evaluate(RunBefores.java:28)
	at org.springframework.test.context.junit4.statements.RunBeforeTestClassCallbacks.evaluate(RunBeforeTestClassCallbacks.java:61)
	at org.junit.internal.runners.statements.RunAfters.evaluate(RunAfters.java:30)
	at org.springframework.test.context.junit4.statements.RunAfterTestClassCallbacks.evaluate(RunAfterTestClassCallbacks.java:71)
	at org.junit.runners.ParentRunner.run(ParentRunner.java:300)
	at org.springframework.test.context.junit4.SpringJUnit4ClassRunner.run(SpringJUnit4ClassRunner.java:174)
	at org.apache.maven.surefire.junit4.JUnit4Provider.execute(JUnit4Provider.java:252)
	at org.apache.maven.surefire.junit4.JUnit4Provider.executeTestSet(JUnit4Provider.java:141)
	at org.apache.maven.surefire.junit4.JUnit4Provider.invoke(JUnit4Provider.java:112)
	at sun.reflect.NativeMethodAccessorImpl.invoke0(Native Method)
	at sun.reflect.NativeMethodAccessorImpl.invoke(NativeMethodAccessorImpl.java:57)
	at sun.reflect.DelegatingMethodAccessorImpl.invoke(DelegatingMethodAccessorImpl.java:43)
	at java.lang.reflect.Method.invoke(Method.java:606)
	at org.apache.maven.surefire.util.ReflectionUtils.invokeMethodWithArray(ReflectionUtils.java:189)
	at org.apache.maven.surefire.booter.ProviderFactory$ProviderProxy.invoke(ProviderFactory.java:165)
	at org.apache.maven.surefire.booter.ProviderFactory.invokeProvider(ProviderFactory.java:85)
	at org.apache.maven.surefire.booter.ForkedBooter.runSuitesInProcess(ForkedBooter.java:115)
	at org.apache.maven.surefire.booter.ForkedBooter.main(ForkedBooter.java:75)
</failure>
    <system-out>Hibernate: select user0_.id as id1_0_0_, user0_.username as username2_0_0_ from tb_user user0_ where user0_.id=?
admin1
Hibernate: delete from tb_user where id=?
</system-out>
    <system-err>���� 24, 2015 1:01:07 ���� org.springframework.beans.factory.xml.XmlBeanDefinitionReader loadBeanDefinitions
��Ϣ: Loading XML bean definitions from class path resource [beans.xml]
���� 24, 2015 1:01:08 ���� org.springframework.context.annotation.ClassPathScanningCandidateComponentProvider registerDefaultFilters
��Ϣ: JSR-330 &apos;javax.inject.Named&apos; annotation found and supported for component scanning
���� 24, 2015 1:01:08 ���� org.springframework.context.support.AbstractApplicationContext prepareRefresh
��Ϣ: Refreshing org.springframework.context.support.GenericApplicationContext@1c3b3af: startup date [Tue Mar 24 13:01:08 CST 2015]; root of context hierarchy
���� 24, 2015 1:01:08 ���� org.springframework.beans.factory.annotation.AutowiredAnnotationBeanPostProcessor &lt;init&gt;
��Ϣ: JSR-330 &apos;javax.inject.Inject&apos; annotation found and supported for autowiring
���� 24, 2015 1:01:08 ���� org.springframework.beans.factory.support.DefaultListableBeanFactory preInstantiateSingletons
��Ϣ: Pre-instantiating singletons in org.springframework.beans.factory.support.DefaultListableBeanFactory@1009b30: defining beans [org.springframework.context.annotation.internalConfigurationAnnotationProcessor,org.springframework.context.annotation.internalAutowiredAnnotationProcessor,org.springframework.context.annotation.internalRequiredAnnotationProcessor,org.springframework.context.annotation.internalCommonAnnotationProcessor,org.springframework.context.annotation.internalPersistenceAnnotationProcessor,userDao,dataSource,sessionFactory,txManager,org.springframework.aop.config.internalAutoProxyCreator,allMethods,org.springframework.aop.support.DefaultBeanFactoryPointcutAdvisor#0,txAdvice,org.springframework.context.annotation.ConfigurationClassPostProcessor.importAwareProcessor]; root of factory hierarchy
���� 24, 2015 1:01:08 ���� org.hibernate.annotations.common.Version &lt;clinit&gt;
INFO: HCANN000001: Hibernate Commons Annotations {4.0.1.Final}
���� 24, 2015 1:01:08 ���� org.hibernate.Version logVersion
INFO: HHH000412: Hibernate Core {4.2.0.Final}
���� 24, 2015 1:01:08 ���� org.hibernate.cfg.Environment &lt;clinit&gt;
INFO: HHH000206: hibernate.properties not found
���� 24, 2015 1:01:08 ���� org.hibernate.cfg.Environment buildBytecodeProvider
INFO: HHH000021: Bytecode provider name : javassist
���� 24, 2015 1:01:08 ���� org.hibernate.dialect.Dialect &lt;init&gt;
INFO: HHH000400: Using dialect: org.hibernate.dialect.Oracle10gDialect
���� 24, 2015 1:01:08 ���� org.hibernate.engine.jdbc.internal.LobCreatorBuilder useContextualLobCreation
INFO: HHH000424: Disabling contextual LOB creation as createClob() method threw error : java.lang.reflect.InvocationTargetException
���� 24, 2015 1:01:08 ���� org.hibernate.engine.transaction.internal.TransactionFactoryInitiator initiateService
INFO: HHH000399: Using default transaction strategy (direct JDBC transactions)
���� 24, 2015 1:01:08 ���� org.hibernate.hql.internal.ast.ASTQueryTranslatorFactory &lt;init&gt;
INFO: HHH000397: Using ASTQueryTranslatorFactory
���� 24, 2015 1:01:08 ���� org.hibernate.tool.hbm2ddl.SchemaUpdate execute
INFO: HHH000228: Running hbm2ddl schema update
���� 24, 2015 1:01:08 ���� org.hibernate.tool.hbm2ddl.SchemaUpdate execute
INFO: HHH000102: Fetching database metadata
���� 24, 2015 1:01:09 ���� org.hibernate.tool.hbm2ddl.SchemaUpdate execute
INFO: HHH000396: Updating schema
���� 24, 2015 1:01:09 ���� org.hibernate.tool.hbm2ddl.TableMetadata &lt;init&gt;
INFO: HHH000261: Table found: SCOTT.TB_USER
���� 24, 2015 1:01:09 ���� org.hibernate.tool.hbm2ddl.TableMetadata &lt;init&gt;
INFO: HHH000037: Columns: [id, username]
���� 24, 2015 1:01:09 ���� org.hibernate.tool.hbm2ddl.TableMetadata &lt;init&gt;
INFO: HHH000108: Foreign keys: []
���� 24, 2015 1:01:09 ���� org.hibernate.tool.hbm2ddl.TableMetadata &lt;init&gt;
INFO: HHH000126: Indexes: [sys_c005461]
���� 24, 2015 1:01:09 ���� org.hibernate.tool.hbm2ddl.SchemaUpdate execute
INFO: HHH000232: Schema update complete
���� 24, 2015 1:01:09 ���� org.springframework.orm.hibernate4.HibernateTransactionManager afterPropertiesSet
��Ϣ: Using DataSource [org.apache.commons.dbcp.BasicDataSource@1b0576d] of Hibernate SessionFactory for HibernateTransactionManager
</system-err>
  </testcase>
  <testcase time="0.031" classname="org.casper.eLearning.dao.TestUserDao" name="testSelect"/>
</testsuite>